build/app/intermediates/manifest_merge_blame_file/debug/manifest-merger-blame-debug-report.txt
1<?xml version="1.0" encoding="utf-8"?>
2<manifest xmlns:android="http://schemas.android.com/apk/res/android"
3    package="com.example.bm_tecno_lab"
4    android:versionCode="1"
5    android:versionName="1.0.0" >
6
7    <uses-sdk
8        android:minSdkVersion="21"
9        android:targetSdkVersion="33" />
10    <!--
11         The INTERNET permission is required for development. Specifically,
12         the Flutter tool needs it to communicate with the running application
13         to allow setting breakpoints, to provide hot reload, etc.
14    -->
15    <uses-permission android:name="android.permission.INTERNET" />
15-->src\main\AndroidManifest.xml:2:2-63
15-->src\main\AndroidManifest.xml:2:19-61
16
17    <queries>
17-->src\main\AndroidManifest.xml:38:7-48:19
18
19        <!-- If your app checks for call support -->
20        <intent>
20-->src\main\AndroidManifest.xml:40:3-43:12
21            <action android:name="android.intent.action.VIEW" />
21-->src\main\AndroidManifest.xml:41:5-57
21-->src\main\AndroidManifest.xml:41:13-54
22
23            <data android:scheme="tel" />
23-->src\main\AndroidManifest.xml:42:5-34
23-->src\main\AndroidManifest.xml:42:11-31
24        </intent>
25        <intent>
25-->src\main\AndroidManifest.xml:44:3-47:14
26            <action android:name="android.intent.action.SEND" />
26-->src\main\AndroidManifest.xml:45:9-61
26-->src\main\AndroidManifest.xml:45:17-58
27
28            <data android:mimeType="*/*" />
28-->src\main\AndroidManifest.xml:42:5-34
29        </intent>
30    </queries>
31
32    <uses-permission android:name="android.permission.WAKE_LOCK" />
32-->[:firebase_messaging] AndroidManifest.xml:10:5-68
32-->[:firebase_messaging] AndroidManifest.xml:10:22-65
33    <uses-permission android:name="android.permission.ACCESS_NETWORK_STATE" /> <!-- Permissions options for the `notification` group -->
33-->[:firebase_messaging] AndroidManifest.xml:11:5-79
33-->[:firebase_messaging] AndroidManifest.xml:11:22-76
34    <uses-permission android:name="android.permission.POST_NOTIFICATIONS" /> <!-- Required by older versions of Google Play services to create IID tokens -->
34-->[:firebase_messaging] AndroidManifest.xml:13:5-77
34-->[:firebase_messaging] AndroidManifest.xml:13:22-74
35    <uses-permission android:name="com.google.android.c2dm.permission.RECEIVE" />
35-->[com.google.firebase:firebase-messaging:23.3.1] AndroidManifest.xml:26:5-82
35-->[com.google.firebase:firebase-messaging:23.3.1] AndroidManifest.xml:26:22-79
36
37    <permission
37-->[androidx.core:core:1.10.1] AndroidManifest.xml:22:5-24:47
38        android:name="com.example.bm_tecno_lab.DYNAMIC_RECEIVER_NOT_EXPORTED_PERMISSION"
38-->[androidx.core:core:1.10.1] AndroidManifest.xml:23:9-81
39        android:protectionLevel="signature" />
39-->[androidx.core:core:1.10.1] AndroidManifest.xml:24:9-44
40
41    <uses-permission android:name="com.example.bm_tecno_lab.DYNAMIC_RECEIVER_NOT_EXPORTED_PERMISSION" />
41-->[androidx.core:core:1.10.1] AndroidManifest.xml:26:5-97
41-->[androidx.core:core:1.10.1] AndroidManifest.xml:26:22-94
42
43    <application
44        android:name="android.app.Application"
45        android:appComponentFactory="androidx.core.app.CoreComponentFactory"
45-->[androidx.core:core:1.10.1] AndroidManifest.xml:28:18-86
46        android:debuggable="true"
47        android:icon="@mipmap/ic_launcher"
48        android:label="BmTechnoLab" >
49        <activity
50            android:name="com.example.bm_tecno_lab.MainActivity"
51            android:configChanges="orientation|keyboardHidden|keyboard|screenSize|smallestScreenSize|locale|layoutDirection|fontScale|screenLayout|density|uiMode"
52            android:exported="true"
53            android:hardwareAccelerated="true"
54            android:launchMode="singleTop"
55            android:theme="@style/LaunchTheme"
56            android:windowSoftInputMode="adjustResize" >
57
58            <!--
59                 Specifies an Android theme to apply to this Activity as soon as
60                 the Android process has started. This theme is visible to the user
61                 while the Flutter UI initializes. After that, this theme continues
62                 to determine the Window background behind the Flutter UI.
63            -->
64            <meta-data
65                android:name="io.flutter.embedding.android.NormalTheme"
66                android:resource="@style/NormalTheme" />
67
68            <intent-filter>
69                <action android:name="android.intent.action.MAIN" />
70
71                <category android:name="android.intent.category.LAUNCHER" />
72            </intent-filter>
73        </activity>
74        <!--
75             Don't delete the meta-data below.
76             This is used by the Flutter tool to generate GeneratedPluginRegistrant.java
77        -->
78        <meta-data
79            android:name="flutterEmbedding"
80            android:value="2" />
81
82        <service
82-->[:cloud_firestore] AndroidManifest.xml:10:9-14:19
83            android:name="com.google.firebase.components.ComponentDiscoveryService"
83-->[:cloud_firestore] AndroidManifest.xml:10:18-89
84            android:directBootAware="true"
84-->[com.google.firebase:firebase-common:20.4.2] AndroidManifest.xml:32:13-43
85            android:exported="false" >
85-->[com.google.firebase:firebase-firestore:24.9.1] AndroidManifest.xml:16:13-37
86            <meta-data
86-->[:cloud_firestore] AndroidManifest.xml:11:13-13:85
87                android:name="com.google.firebase.components:io.flutter.plugins.firebase.firestore.FlutterFirebaseFirestoreRegistrar"
87-->[:cloud_firestore] AndroidManifest.xml:12:17-134
88                android:value="com.google.firebase.components.ComponentRegistrar" />
88-->[:cloud_firestore] AndroidManifest.xml:13:17-82
89            <meta-data
89-->[:firebase_messaging] AndroidManifest.xml:38:13-40:85
90                android:name="com.google.firebase.components:io.flutter.plugins.firebase.messaging.FlutterFirebaseAppRegistrar"
90-->[:firebase_messaging] AndroidManifest.xml:39:17-128
91                android:value="com.google.firebase.components.ComponentRegistrar" />
91-->[:firebase_messaging] AndroidManifest.xml:40:17-82
92            <meta-data
92-->[:firebase_core] AndroidManifest.xml:11:13-13:85
93                android:name="com.google.firebase.components:io.flutter.plugins.firebase.core.FlutterFirebaseCoreRegistrar"
93-->[:firebase_core] AndroidManifest.xml:12:17-124
94                android:value="com.google.firebase.components.ComponentRegistrar" />
94-->[:firebase_core] AndroidManifest.xml:13:17-82
95            <meta-data
95-->[com.google.firebase:firebase-firestore:24.9.1] AndroidManifest.xml:17:13-19:85
96                android:name="com.google.firebase.components:com.google.firebase.firestore.FirebaseFirestoreKtxRegistrar"
96-->[com.google.firebase:firebase-firestore:24.9.1] AndroidManifest.xml:18:17-122
97                android:value="com.google.firebase.components.ComponentRegistrar" />
97-->[com.google.firebase:firebase-firestore:24.9.1] AndroidManifest.xml:19:17-82
98            <meta-data
98-->[com.google.firebase:firebase-firestore:24.9.1] AndroidManifest.xml:20:13-22:85
99                android:name="com.google.firebase.components:com.google.firebase.firestore.FirestoreRegistrar"
99-->[com.google.firebase:firebase-firestore:24.9.1] AndroidManifest.xml:21:17-111
100                android:value="com.google.firebase.components.ComponentRegistrar" />
100-->[com.google.firebase:firebase-firestore:24.9.1] AndroidManifest.xml:22:17-82
101            <meta-data
101-->[com.google.firebase:firebase-messaging:23.3.1] AndroidManifest.xml:57:13-59:85
102                android:name="com.google.firebase.components:com.google.firebase.messaging.FirebaseMessagingKtxRegistrar"
102-->[com.google.firebase:firebase-messaging:23.3.1] AndroidManifest.xml:58:17-122
103                android:value="com.google.firebase.components.ComponentRegistrar" />
103-->[com.google.firebase:firebase-messaging:23.3.1] AndroidManifest.xml:59:17-82
104            <meta-data
104-->[com.google.firebase:firebase-messaging:23.3.1] AndroidManifest.xml:60:13-62:85
105                android:name="com.google.firebase.components:com.google.firebase.messaging.FirebaseMessagingRegistrar"
105-->[com.google.firebase:firebase-messaging:23.3.1] AndroidManifest.xml:61:17-119
106                android:value="com.google.firebase.components.ComponentRegistrar" />
106-->[com.google.firebase:firebase-messaging:23.3.1] AndroidManifest.xml:62:17-82
107            <meta-data
107-->[com.google.firebase:firebase-iid:21.1.0] AndroidManifest.xml:32:13-34:85
108                android:name="com.google.firebase.components:com.google.firebase.iid.Registrar"
108-->[com.google.firebase:firebase-iid:21.1.0] AndroidManifest.xml:33:17-96
109                android:value="com.google.firebase.components.ComponentRegistrar" />
109-->[com.google.firebase:firebase-iid:21.1.0] AndroidManifest.xml:34:17-82
110            <meta-data
110-->[com.google.firebase:firebase-installations:17.2.0] AndroidManifest.xml:15:13-17:85
111                android:name="com.google.firebase.components:com.google.firebase.installations.FirebaseInstallationsKtxRegistrar"
111-->[com.google.firebase:firebase-installations:17.2.0] AndroidManifest.xml:16:17-130
112                android:value="com.google.firebase.components.ComponentRegistrar" />
112-->[com.google.firebase:firebase-installations:17.2.0] AndroidManifest.xml:17:17-82
113            <meta-data
113-->[com.google.firebase:firebase-installations:17.2.0] AndroidManifest.xml:18:13-20:85
114                android:name="com.google.firebase.components:com.google.firebase.installations.FirebaseInstallationsRegistrar"
114-->[com.google.firebase:firebase-installations:17.2.0] AndroidManifest.xml:19:17-127
115                android:value="com.google.firebase.components.ComponentRegistrar" />
115-->[com.google.firebase:firebase-installations:17.2.0] AndroidManifest.xml:20:17-82
116            <meta-data
116-->[com.google.firebase:firebase-common-ktx:20.4.2] AndroidManifest.xml:12:13-14:85
117                android:name="com.google.firebase.components:com.google.firebase.ktx.FirebaseCommonLegacyRegistrar"
117-->[com.google.firebase:firebase-common-ktx:20.4.2] AndroidManifest.xml:13:17-116
118                android:value="com.google.firebase.components.ComponentRegistrar" />
118-->[com.google.firebase:firebase-common-ktx:20.4.2] AndroidManifest.xml:14:17-82
119            <meta-data
119-->[com.google.firebase:firebase-common:20.4.2] AndroidManifest.xml:35:13-37:85
120                android:name="com.google.firebase.components:com.google.firebase.FirebaseCommonKtxRegistrar"
120-->[com.google.firebase:firebase-common:20.4.2] AndroidManifest.xml:36:17-109
121                android:value="com.google.firebase.components.ComponentRegistrar" />
121-->[com.google.firebase:firebase-common:20.4.2] AndroidManifest.xml:37:17-82
122            <meta-data
122-->[com.google.firebase:firebase-datatransport:18.1.7] AndroidManifest.xml:27:13-29:85
123                android:name="com.google.firebase.components:com.google.firebase.datatransport.TransportRegistrar"
123-->[com.google.firebase:firebase-datatransport:18.1.7] AndroidManifest.xml:28:17-115
124                android:value="com.google.firebase.components.ComponentRegistrar" />
124-->[com.google.firebase:firebase-datatransport:18.1.7] AndroidManifest.xml:29:17-82
125        </service>
126        <service
126-->[:firebase_messaging] AndroidManifest.xml:16:9-19:72
127            android:name="io.flutter.plugins.firebase.messaging.FlutterFirebaseMessagingBackgroundService"
127-->[:firebase_messaging] AndroidManifest.xml:17:13-107
128            android:exported="false"
128-->[:firebase_messaging] AndroidManifest.xml:18:13-37
129            android:permission="android.permission.BIND_JOB_SERVICE" />
129-->[:firebase_messaging] AndroidManifest.xml:19:13-69
130        <service
130-->[:firebase_messaging] AndroidManifest.xml:20:9-26:19
131            android:name="io.flutter.plugins.firebase.messaging.FlutterFirebaseMessagingService"
131-->[:firebase_messaging] AndroidManifest.xml:21:13-97
132            android:exported="false" >
132-->[:firebase_messaging] AndroidManifest.xml:22:13-37
133            <intent-filter>
133-->[:firebase_messaging] AndroidManifest.xml:23:13-25:29
134                <action android:name="com.google.firebase.MESSAGING_EVENT" />
134-->[:firebase_messaging] AndroidManifest.xml:24:17-78
134-->[:firebase_messaging] AndroidManifest.xml:24:25-75
135            </intent-filter>
136        </service>
137
138        <receiver
138-->[:firebase_messaging] AndroidManifest.xml:28:9-35:20
139            android:name="io.flutter.plugins.firebase.messaging.FlutterFirebaseMessagingReceiver"
139-->[:firebase_messaging] AndroidManifest.xml:29:13-98
140            android:exported="true"
140-->[:firebase_messaging] AndroidManifest.xml:30:13-36
141            android:permission="com.google.android.c2dm.permission.SEND" >
141-->[:firebase_messaging] AndroidManifest.xml:31:13-73
142            <intent-filter>
142-->[:firebase_messaging] AndroidManifest.xml:32:13-34:29
143                <action android:name="com.google.android.c2dm.intent.RECEIVE" />
143-->[:firebase_messaging] AndroidManifest.xml:33:17-81
143-->[:firebase_messaging] AndroidManifest.xml:33:25-78
144            </intent-filter>
145        </receiver>
146
147        <provider
147-->[:firebase_messaging] AndroidManifest.xml:43:9-47:38
148            android:name="io.flutter.plugins.firebase.messaging.FlutterFirebaseMessagingInitProvider"
148-->[:firebase_messaging] AndroidManifest.xml:44:13-102
149            android:authorities="com.example.bm_tecno_lab.flutterfirebasemessaginginitprovider"
149-->[:firebase_messaging] AndroidManifest.xml:45:13-88
150            android:exported="false"
150-->[:firebase_messaging] AndroidManifest.xml:46:13-37
151            android:initOrder="99" />
151-->[:firebase_messaging] AndroidManifest.xml:47:13-35
152
153        <activity
153-->[:url_launcher_android] AndroidManifest.xml:10:9-13:74
154            android:name="io.flutter.plugins.urllauncher.WebViewActivity"
154-->[:url_launcher_android] AndroidManifest.xml:11:13-74
155            android:exported="false"
155-->[:url_launcher_android] AndroidManifest.xml:12:13-37
156            android:theme="@android:style/Theme.NoTitleBar.Fullscreen" />
156-->[:url_launcher_android] AndroidManifest.xml:13:13-71
157
158        <receiver
158-->[com.google.firebase:firebase-messaging:23.3.1] AndroidManifest.xml:29:9-40:20
159            android:name="com.google.firebase.iid.FirebaseInstanceIdReceiver"
159-->[com.google.firebase:firebase-messaging:23.3.1] AndroidManifest.xml:30:13-78
160            android:exported="true"
160-->[com.google.firebase:firebase-messaging:23.3.1] AndroidManifest.xml:31:13-36
161            android:permission="com.google.android.c2dm.permission.SEND" >
161-->[com.google.firebase:firebase-messaging:23.3.1] AndroidManifest.xml:32:13-73
162            <intent-filter>
162-->[:firebase_messaging] AndroidManifest.xml:32:13-34:29
163                <action android:name="com.google.android.c2dm.intent.RECEIVE" />
163-->[:firebase_messaging] AndroidManifest.xml:33:17-81
163-->[:firebase_messaging] AndroidManifest.xml:33:25-78
164            </intent-filter>
165
166            <meta-data
166-->[com.google.firebase:firebase-messaging:23.3.1] AndroidManifest.xml:37:13-39:40
167                android:name="com.google.android.gms.cloudmessaging.FINISHED_AFTER_HANDLED"
167-->[com.google.firebase:firebase-messaging:23.3.1] AndroidManifest.xml:38:17-92
168                android:value="true" />
168-->[com.google.firebase:firebase-messaging:23.3.1] AndroidManifest.xml:39:17-37
169        </receiver>
170        <!--
171             FirebaseMessagingService performs security checks at runtime,
172             but set to not exported to explicitly avoid allowing another app to call it.
173        -->
174        <service
174-->[com.google.firebase:firebase-messaging:23.3.1] AndroidManifest.xml:46:9-53:19
175            android:name="com.google.firebase.messaging.FirebaseMessagingService"
175-->[com.google.firebase:firebase-messaging:23.3.1] AndroidManifest.xml:47:13-82
176            android:directBootAware="true"
176-->[com.google.firebase:firebase-messaging:23.3.1] AndroidManifest.xml:48:13-43
177            android:exported="false" >
177-->[com.google.firebase:firebase-messaging:23.3.1] AndroidManifest.xml:49:13-37
178            <intent-filter android:priority="-500" >
178-->[:firebase_messaging] AndroidManifest.xml:23:13-25:29
179                <action android:name="com.google.firebase.MESSAGING_EVENT" />
179-->[:firebase_messaging] AndroidManifest.xml:24:17-78
179-->[:firebase_messaging] AndroidManifest.xml:24:25-75
180            </intent-filter>
181        </service>
182
183        <provider
183-->[com.google.firebase:firebase-common:20.4.2] AndroidManifest.xml:23:9-28:39
184            android:name="com.google.firebase.provider.FirebaseInitProvider"
184-->[com.google.firebase:firebase-common:20.4.2] AndroidManifest.xml:24:13-77
185            android:authorities="com.example.bm_tecno_lab.firebaseinitprovider"
185-->[com.google.firebase:firebase-common:20.4.2] AndroidManifest.xml:25:13-72
186            android:directBootAware="true"
186-->[com.google.firebase:firebase-common:20.4.2] AndroidManifest.xml:26:13-43
187            android:exported="false"
187-->[com.google.firebase:firebase-common:20.4.2] AndroidManifest.xml:27:13-37
188            android:initOrder="100" />
188-->[com.google.firebase:firebase-common:20.4.2] AndroidManifest.xml:28:13-36
189
190        <uses-library
190-->[androidx.window:window:1.0.0-beta04] AndroidManifest.xml:25:9-27:40
191            android:name="androidx.window.extensions"
191-->[androidx.window:window:1.0.0-beta04] AndroidManifest.xml:26:13-54
192            android:required="false" />
192-->[androidx.window:window:1.0.0-beta04] AndroidManifest.xml:27:13-37
193        <uses-library
193-->[androidx.window:window:1.0.0-beta04] AndroidManifest.xml:28:9-30:40
194            android:name="androidx.window.sidecar"
194-->[androidx.window:window:1.0.0-beta04] AndroidManifest.xml:29:13-51
195            android:required="false" />
195-->[androidx.window:window:1.0.0-beta04] AndroidManifest.xml:30:13-37
196
197        <activity
197-->[com.google.android.gms:play-services-base:18.0.1] AndroidManifest.xml:20:9-22:45
198            android:name="com.google.android.gms.common.api.GoogleApiActivity"
198-->[com.google.android.gms:play-services-base:18.0.1] AndroidManifest.xml:20:19-85
199            android:exported="false"
199-->[com.google.android.gms:play-services-base:18.0.1] AndroidManifest.xml:22:19-43
200            android:theme="@android:style/Theme.Translucent.NoTitleBar" />
200-->[com.google.android.gms:play-services-base:18.0.1] AndroidManifest.xml:21:19-78
201
202        <meta-data
202-->[com.google.android.gms:play-services-basement:18.1.0] AndroidManifest.xml:21:9-23:69
203            android:name="com.google.android.gms.version"
203-->[com.google.android.gms:play-services-basement:18.1.0] AndroidManifest.xml:22:13-58
204            android:value="@integer/google_play_services_version" />
204-->[com.google.android.gms:play-services-basement:18.1.0] AndroidManifest.xml:23:13-66
205
206        <service
206-->[com.google.android.datatransport:transport-backend-cct:3.1.8] AndroidManifest.xml:28:9-34:19
207            android:name="com.google.android.datatransport.runtime.backends.TransportBackendDiscovery"
207-->[com.google.android.datatransport:transport-backend-cct:3.1.8] AndroidManifest.xml:29:13-103
208            android:exported="false" >
208-->[com.google.android.datatransport:transport-backend-cct:3.1.8] AndroidManifest.xml:30:13-37
209            <meta-data
209-->[com.google.android.datatransport:transport-backend-cct:3.1.8] AndroidManifest.xml:31:13-33:39
210                android:name="backend:com.google.android.datatransport.cct.CctBackendFactory"
210-->[com.google.android.datatransport:transport-backend-cct:3.1.8] AndroidManifest.xml:32:17-94
211                android:value="cct" />
211-->[com.google.android.datatransport:transport-backend-cct:3.1.8] AndroidManifest.xml:33:17-36
212        </service>
213        <service
213-->[com.google.android.datatransport:transport-runtime:3.1.8] AndroidManifest.xml:26:9-30:19
214            android:name="com.google.android.datatransport.runtime.scheduling.jobscheduling.JobInfoSchedulerService"
214-->[com.google.android.datatransport:transport-runtime:3.1.8] AndroidManifest.xml:27:13-117
215            android:exported="false"
215-->[com.google.android.datatransport:transport-runtime:3.1.8] AndroidManifest.xml:28:13-37
216            android:permission="android.permission.BIND_JOB_SERVICE" >
216-->[com.google.android.datatransport:transport-runtime:3.1.8] AndroidManifest.xml:29:13-69
217        </service>
218
219        <receiver
219-->[com.google.android.datatransport:transport-runtime:3.1.8] AndroidManifest.xml:32:9-34:40
220            android:name="com.google.android.datatransport.runtime.scheduling.jobscheduling.AlarmManagerSchedulerBroadcastReceiver"
220-->[com.google.android.datatransport:transport-runtime:3.1.8] AndroidManifest.xml:33:13-132
221            android:exported="false" />
221-->[com.google.android.datatransport:transport-runtime:3.1.8] AndroidManifest.xml:34:13-37
222    </application>
223
224</manifest>